#
# A fatal error has been detected by the Java Runtime Environment:
#
#  SIGSEGV (0xb) at pc=0x00000001255b7f75, pid=2211, tid=51979
#
# JRE version: Java(TM) SE Runtime Environment (8.0_05-b13) (build 1.8.0_05-b13)
# Java VM: Java HotSpot(TM) 64-Bit Server VM (25.5-b02 mixed mode bsd-amd64 compressed oops)
# Problematic frame:
# C  [libdcpr.dylib+0x3f75]  anglesModulus+0x91
#
# Failed to write core dump. Core dumps have been disabled. To enable core dumping, try "ulimit -c unlimited" before starting Java again
#
# If you would like to submit a bug report, please visit:
#   http://bugreport.sun.com/bugreport/crash.jsp
# The crash happened outside the Java Virtual Machine in native code.
# See problematic frame for where to report the bug.
#

---------------  T H R E A D  ---------------

Current thread (0x00007f85420e8000):  JavaThread "AWT-EventQueue-0" [_thread_in_native, id=51979, stack(0x00000001268f8000,0x00000001269f8000)]

siginfo:si_signo=SIGSEGV: si_errno=0, si_code=1 (SEGV_MAPERR), si_addr=0x00000000255d9950

Registers:
RAX=0xffffffff80000000, RBX=0x00000001269f4b90, RCX=0x00000001255d9950, RDX=0x00000001269f4be0
RSP=0x00000001269f4b10, RBP=0x00000001269f4b10, RSI=0x00000001269f4b90, RDI=0x00000001269f4b98
R8 =0x0000000000000000, R9 =0x00000006c14f4160, R10=0x00000000000000ba, R11=0x0000000103a669b8
R12=0x00007f854c10ff90, R13=0x000000012c1bd240, R14=0x00000001269f4b98, R15=0x00007f854c110128
RIP=0x00000001255b7f75, EFLAGS=0x0000000000010247, ERR=0x0000000000000004
  TRAPNO=0x000000000000000e

Top of Stack: (sp=0x00000001269f4b10)
0x00000001269f4b10:   00000001269f4b40 00000001255b7fea
0x00000001269f4b20:   0000000102055a00 3c23d70a00002800
0x00000001269f4b30:   0000000000000000 00000001269f4be0
0x00000001269f4b40:   00000001269f4bd0 00000001255c188f
0x00000001269f4b50:   00000000c0003a78 000000010203b000
0x00000001269f4b60:   0000000000000003 000000010349b9a9
0x00000001269f4b70:   0000000000000000 00000006c021e208
0x00000001269f4b80:   00000001269f4bf0 00000001034f854e
0x00000001269f4b90:   00000001269f4bf0 80000005ffc00000
0x00000001269f4ba0:   80000005ffc00000 00007f854c10ff90
0x00000001269f4bb0:   0000000000000000 000000012c1bd240
0x00000001269f4bc0:   00007f854c110128 00007f854c1101b8
0x00000001269f4bd0:   00000001269f4c10 00000001255c1a42
0x00000001269f4be0:   00000113ff800000 0000010eff800000
0x00000001269f4bf0:   00000109ff800000 00007f85420e81e0
0x00000001269f4c00:   00007f854c10ff90 00007f85420e8000
0x00000001269f4c10:   00000001269f4c40 00000001255b6c80
0x00000001269f4c20:   43871a3543eedcdf 4384b46a43fb39bf
0x00000001269f4c30:   000000012c1bd248 00000001269f4cf8
0x00000001269f4c40:   00000001269f4cb8 00000001041d766e
0x00000001269f4c50:   00000113ff800000 00007f854c10ff90
0x00000001269f4c60:   00000001269f5288 000000010487d406
0x00000001269f4c70:   00000001269f4ca0 00000001269f4c78
0x00000001269f4c80:   0000000000000000 00000001269f4cf8
0x00000001269f4c90:   000000012c1bd8f8 0000000000000000
0x00000001269f4ca0:   000000012c1bd248 0000000000000000
0x00000001269f4cb0:   00000001269f4cd8 00000001269f4d40
0x00000001269f4cc0:   00000001041ca325 0000000000000000
0x00000001269f4cd0:   00000001041d1c18 000000024384b46a
0x00000001269f4ce0:   0000000643fb39bf 0000000743871a35
0x00000001269f4cf0:   0000000743eedcdf 00000006c14f4160
0x00000001269f4d00:   00000001269f4d00 000000012c1c52db 

Instructions: (pc=0x00000001255b7f75)
0x00000001255b7f55:   5e c1 f3 0f 59 05 61 3b 01 00 f3 0f 58 05 5d 3b
0x00000001255b7f65:   01 00 f3 0f 2c c0 48 63 c0 48 8d 0d db 19 02 00
0x00000001255b7f75:   48 0f bf 04 41 48 8d 0d df 21 02 00 f3 0f 5e 0c
0x00000001255b7f85:   81 0f 28 c1 5d c3 66 0f ef c0 5d c3 55 48 89 e5 

Register to memory mapping:

RAX=0xffffffff80000000 is an unknown value
RBX=0x00000001269f4b90 is pointing into the stack for thread: 0x00007f85420e8000
RCX=0x00000001255d9950: anglesOct1AtanTable+0 in /Library/Java/JavaVirtualMachines/jdk1.8.0_05.jdk/Contents/Home/jre/lib/libdcpr.dylib at 0x00000001255b4000
RDX=0x00000001269f4be0 is pointing into the stack for thread: 0x00007f85420e8000
RSP=0x00000001269f4b10 is pointing into the stack for thread: 0x00007f85420e8000
RBP=0x00000001269f4b10 is pointing into the stack for thread: 0x00007f85420e8000
RSI=0x00000001269f4b90 is pointing into the stack for thread: 0x00007f85420e8000
RDI=0x00000001269f4b98 is pointing into the stack for thread: 0x00007f85420e8000
R8 =0x0000000000000000 is an unknown value
R9 =0x00000006c14f4160 is an oop
sun.dc.pr.PathStroker 
 - klass: 'sun/dc/pr/PathStroker'
R10=0x00000000000000ba is an unknown value
R11=0x0000000103a669b8: _ZN20SafepointSynchronize18_safepoint_counterE+0 in /Library/Java/JavaVirtualMachines/jdk1.8.0_05.jdk/Contents/Home/jre/lib/server/libjvm.dylib at 0x0000000103200000
R12=0x00007f854c10ff90 is an unknown value
R13=0x000000012c1bd240 is an unknown value
R14=0x00000001269f4b98 is pointing into the stack for thread: 0x00007f85420e8000
R15=0x00007f854c110128 is an unknown value


Stack: [0x00000001268f8000,0x00000001269f8000],  sp=0x00000001269f4b10,  free space=1010k
Native frames: (J=compiled Java code, j=interpreted, Vv=VM code, C=native code)
C  [libdcpr.dylib+0x3f75]  anglesModulus+0x91
C  [libdcpr.dylib+0x3fea]  arcsQuadraticDifsAndMods+0x59
C  [libdcpr.dylib+0xd88f]  processQuadratic+0x39
C  [libdcpr.dylib+0xda42]  appendQuadratic+0x94
C  [libdcpr.dylib+0x2c80]  Java_sun_dc_pr_PathStroker_appendQuadratic+0x64
j  sun.dc.pr.PathStroker.appendQuadratic(FFFF)V+0
j  sun.dc.pr.Rasterizer.appendQuadratic(FFFF)V+27
J 2175 C1 sun.dc.DuctusRenderingEngine.getAATileGenerator(Ljava/awt/Shape;Ljava/awt/geom/AffineTransform;Lsun/java2d/pipe/Region;Ljava/awt/BasicStroke;ZZ[I)Lsun/java2d/pipe/AATileGenerator; (1189 bytes) @ 0x00000001048deff4 [0x00000001048dc5e0+0x2a14]
J 2174 C1 sun.java2d.pipe.AAShapePipe.renderPath(Lsun/java2d/SunGraphics2D;Ljava/awt/Shape;Ljava/awt/BasicStroke;)V (84 bytes) @ 0x00000001048dacec [0x00000001048da840+0x4ac]
J 2198 C1 sun.java2d.pipe.AAShapePipe.draw(Lsun/java2d/SunGraphics2D;Ljava/awt/Shape;)V (42 bytes) @ 0x00000001048ecb9c [0x00000001048ec740+0x45c]
J 2136 C1 sun.java2d.pipe.PixelToParallelogramConverter.draw(Lsun/java2d/SunGraphics2D;Ljava/awt/Shape;)V (162 bytes) @ 0x00000001048c312c [0x00000001048c2060+0x10cc]
J 2135 C1 sun.java2d.SunGraphics2D.draw(Ljava/awt/Shape;)V (64 bytes) @ 0x00000001048bf4bc [0x00000001048bf3a0+0x11c]
j  edu.oregonstate.cartography.flox.gui.FloxRenderer.drawFlows()V+696
j  edu.oregonstate.cartography.flox.gui.FloxMapComponent.paintComponent(Ljava/awt/Graphics;)V+188
J 1378 C1 javax.swing.JComponent.paint(Ljava/awt/Graphics;)V (409 bytes) @ 0x000000010465743c [0x00000001046561a0+0x129c]
J 1932 C1 javax.swing.JComponent.paintToOffscreen(Ljava/awt/Graphics;IIIIII)V (108 bytes) @ 0x000000010482a28c [0x0000000104829f40+0x34c]
J 2008 C1 javax.swing.RepaintManager$PaintManager.paintDoubleBuffered(Ljavax/swing/JComponent;Ljava/awt/Image;Ljava/awt/Graphics;IIII)V (294 bytes) @ 0x000000010487607c [0x0000000104875300+0xd7c]
J 1931 C1 javax.swing.RepaintManager$PaintManager.paint(Ljavax/swing/JComponent;Ljavax/swing/JComponent;Ljava/awt/Graphics;IIII)Z (189 bytes) @ 0x000000010483155c [0x0000000104830760+0xdfc]
J 1855 C1 javax.swing.RepaintManager.paint(Ljavax/swing/JComponent;Ljavax/swing/JComponent;Ljava/awt/Graphics;IIII)V (93 bytes) @ 0x00000001047d15fc [0x00000001047d1120+0x4dc]
J 1805 C1 javax.swing.JComponent._paintImmediately(IIII)V (891 bytes) @ 0x00000001047a321c [0x00000001047a03c0+0x2e5c]
J 1896 C1 javax.swing.JComponent.paintImmediately(IIII)V (155 bytes) @ 0x00000001048150e4 [0x00000001048143c0+0xd24]
J 1895 C1 javax.swing.RepaintManager$3.run()Ljava/lang/Void; (278 bytes) @ 0x00000001048168c4 [0x0000000104816220+0x6a4]
J 1800 C1 javax.swing.RepaintManager$3.run()Ljava/lang/Object; (5 bytes) @ 0x000000010479e444 [0x000000010479e3c0+0x84]
v  ~StubRoutines::call_stub
V  [libjvm.dylib+0x2c5186]
V  [libjvm.dylib+0x31a912]
J 1092  java.security.AccessController.doPrivileged(Ljava/security/PrivilegedAction;Ljava/security/AccessControlContext;)Ljava/lang/Object; (0 bytes) @ 0x0000000104586455 [0x0000000104586380+0xd5]
J 1939 C1 javax.swing.RepaintManager.paintDirtyRegions(Ljava/util/Map;)V (196 bytes) @ 0x00000001048377fc [0x0000000104836460+0x139c]
J 2032 C1 javax.swing.RepaintManager.paintDirtyRegions()V (50 bytes) @ 0x00000001048868bc [0x0000000104886640+0x27c]
J 2031 C1 javax.swing.RepaintManager.prePaintDirtyRegions()V (91 bytes) @ 0x00000001048873e4 [0x0000000104886dc0+0x624]
J 1944 C1 javax.swing.RepaintManager$ProcessingRunnable.run()V (41 bytes) @ 0x000000010483a074 [0x0000000104839e20+0x254]
J 1308 C1 java.awt.event.InvocationEvent.dispatch()V (69 bytes) @ 0x0000000104611914 [0x0000000104611700+0x214]
J 1383 C1 java.awt.EventQueue.dispatchEventImpl(Ljava/awt/AWTEvent;Ljava/lang/Object;)V (149 bytes) @ 0x000000010465ca54 [0x000000010465b1c0+0x1894]
J 1111 C1 java.awt.EventQueue$3.run()Ljava/lang/Void; (60 bytes) @ 0x000000010459534c [0x0000000104595140+0x20c]
J 1110 C1 java.awt.EventQueue$3.run()Ljava/lang/Object; (5 bytes) @ 0x0000000104588bf4 [0x0000000104588b80+0x74]
v  ~StubRoutines::call_stub
V  [libjvm.dylib+0x2c5186]
V  [libjvm.dylib+0x31a912]
J 1092  java.security.AccessController.doPrivileged(Ljava/security/PrivilegedAction;Ljava/security/AccessControlContext;)Ljava/lang/Object; (0 bytes) @ 0x0000000104586455 [0x0000000104586380+0xd5]
J 1118 C1 java.awt.EventQueue.dispatchEvent(Ljava/awt/AWTEvent;)V (80 bytes) @ 0x00000001045b352c [0x00000001045b2d40+0x7ec]
J 1871 C1 java.awt.EventDispatchThread.pumpOneEventForFilters(I)V (295 bytes) @ 0x00000001047f6ec4 [0x00000001047f5420+0x1aa4]
j  java.awt.EventDispatchThread.pumpEventsForFilter(ILjava/awt/Conditional;Ljava/awt/EventFilter;)V+35
j  java.awt.EventDispatchThread.pumpEventsForHierarchy(ILjava/awt/Conditional;Ljava/awt/Component;)V+11
j  java.awt.EventDispatchThread.pumpEvents(ILjava/awt/Conditional;)V+4
j  java.awt.EventDispatchThread.pumpEvents(Ljava/awt/Conditional;)V+3
j  java.awt.EventDispatchThread.run()V+9
v  ~StubRoutines::call_stub
V  [libjvm.dylib+0x2c5186]
V  [libjvm.dylib+0x2c5914]
V  [libjvm.dylib+0x2c5ac0]
V  [libjvm.dylib+0x3152a7]
V  [libjvm.dylib+0x51ccf5]
V  [libjvm.dylib+0x51e432]
V  [libjvm.dylib+0x445426]
C  [libsystem_pthread.dylib+0x3268]  _pthread_body+0x83
C  [libsystem_pthread.dylib+0x31e5]  _pthread_body+0x0
C  [libsystem_pthread.dylib+0x141d]  thread_start+0xd

Java frames: (J=compiled Java code, j=interpreted, Vv=VM code)
j  sun.dc.pr.PathStroker.appendQuadratic(FFFF)V+0
j  sun.dc.pr.Rasterizer.appendQuadratic(FFFF)V+27
J 2175 C1 sun.dc.DuctusRenderingEngine.getAATileGenerator(Ljava/awt/Shape;Ljava/awt/geom/AffineTransform;Lsun/java2d/pipe/Region;Ljava/awt/BasicStroke;ZZ[I)Lsun/java2d/pipe/AATileGenerator; (1189 bytes) @ 0x00000001048deff4 [0x00000001048dc5e0+0x2a14]
J 2174 C1 sun.java2d.pipe.AAShapePipe.renderPath(Lsun/java2d/SunGraphics2D;Ljava/awt/Shape;Ljava/awt/BasicStroke;)V (84 bytes) @ 0x00000001048dacec [0x00000001048da840+0x4ac]
J 2198 C1 sun.java2d.pipe.AAShapePipe.draw(Lsun/java2d/SunGraphics2D;Ljava/awt/Shape;)V (42 bytes) @ 0x00000001048ecb9c [0x00000001048ec740+0x45c]
J 2136 C1 sun.java2d.pipe.PixelToParallelogramConverter.draw(Lsun/java2d/SunGraphics2D;Ljava/awt/Shape;)V (162 bytes) @ 0x00000001048c312c [0x00000001048c2060+0x10cc]
J 2135 C1 sun.java2d.SunGraphics2D.draw(Ljava/awt/Shape;)V (64 bytes) @ 0x00000001048bf4bc [0x00000001048bf3a0+0x11c]
j  edu.oregonstate.cartography.flox.gui.FloxRenderer.drawFlows()V+696
j  edu.oregonstate.cartography.flox.gui.FloxMapComponent.paintComponent(Ljava/awt/Graphics;)V+188
J 1378 C1 javax.swing.JComponent.paint(Ljava/awt/Graphics;)V (409 bytes) @ 0x000000010465743c [0x00000001046561a0+0x129c]
J 1932 C1 javax.swing.JComponent.paintToOffscreen(Ljava/awt/Graphics;IIIIII)V (108 bytes) @ 0x000000010482a28c [0x0000000104829f40+0x34c]
J 2008 C1 javax.swing.RepaintManager$PaintManager.paintDoubleBuffered(Ljavax/swing/JComponent;Ljava/awt/Image;Ljava/awt/Graphics;IIII)V (294 bytes) @ 0x000000010487607c [0x0000000104875300+0xd7c]
J 1931 C1 javax.swing.RepaintManager$PaintManager.paint(Ljavax/swing/JComponent;Ljavax/swing/JComponent;Ljava/awt/Graphics;IIII)Z (189 bytes) @ 0x000000010483155c [0x0000000104830760+0xdfc]
J 1855 C1 javax.swing.RepaintManager.paint(Ljavax/swing/JComponent;Ljavax/swing/JComponent;Ljava/awt/Graphics;IIII)V (93 bytes) @ 0x00000001047d15fc [0x00000001047d1120+0x4dc]
J 1805 C1 javax.swing.JComponent._paintImmediately(IIII)V (891 bytes) @ 0x00000001047a321c [0x00000001047a03c0+0x2e5c]
J 1896 C1 javax.swing.JComponent.paintImmediately(IIII)V (155 bytes) @ 0x00000001048150e4 [0x00000001048143c0+0xd24]
J 1895 C1 javax.swing.RepaintManager$3.run()Ljava/lang/Void; (278 bytes) @ 0x00000001048168c4 [0x0000000104816220+0x6a4]
J 1800 C1 javax.swing.RepaintManager$3.run()Ljava/lang/Object; (5 bytes) @ 0x000000010479e444 [0x000000010479e3c0+0x84]
v  ~StubRoutines::call_stub
J 1092  java.security.AccessController.doPrivileged(Ljava/security/PrivilegedAction;Ljava/security/AccessControlContext;)Ljava/lang/Object; (0 bytes) @ 0x00000001045863e3 [0x0000000104586380+0x63]
J 1939 C1 javax.swing.RepaintManager.paintDirtyRegions(Ljava/util/Map;)V (196 bytes) @ 0x00000001048377fc [0x0000000104836460+0x139c]
J 2032 C1 javax.swing.RepaintManager.paintDirtyRegions()V (50 bytes) @ 0x00000001048868bc [0x0000000104886640+0x27c]
J 2031 C1 javax.swing.RepaintManager.prePaintDirtyRegions()V (91 bytes) @ 0x00000001048873e4 [0x0000000104886dc0+0x624]
J 1944 C1 javax.swing.RepaintManager$ProcessingRunnable.run()V (41 bytes) @ 0x000000010483a074 [0x0000000104839e20+0x254]
J 1308 C1 java.awt.event.InvocationEvent.dispatch()V (69 bytes) @ 0x0000000104611914 [0x0000000104611700+0x214]
J 1383 C1 java.awt.EventQueue.dispatchEventImpl(Ljava/awt/AWTEvent;Ljava/lang/Object;)V (149 bytes) @ 0x000000010465ca54 [0x000000010465b1c0+0x1894]
J 1111 C1 java.awt.EventQueue$3.run()Ljava/lang/Void; (60 bytes) @ 0x000000010459534c [0x0000000104595140+0x20c]
J 1110 C1 java.awt.EventQueue$3.run()Ljava/lang/Object; (5 bytes) @ 0x0000000104588bf4 [0x0000000104588b80+0x74]
v  ~StubRoutines::call_stub
J 1092  java.security.AccessController.doPrivileged(Ljava/security/PrivilegedAction;Ljava/security/AccessControlContext;)Ljava/lang/Object; (0 bytes) @ 0x00000001045863e3 [0x0000000104586380+0x63]
J 1118 C1 java.awt.EventQueue.dispatchEvent(Ljava/awt/AWTEvent;)V (80 bytes) @ 0x00000001045b352c [0x00000001045b2d40+0x7ec]
J 1871 C1 java.awt.EventDispatchThread.pumpOneEventForFilters(I)V (295 bytes) @ 0x00000001047f6ec4 [0x00000001047f5420+0x1aa4]
j  java.awt.EventDispatchThread.pumpEventsForFilter(ILjava/awt/Conditional;Ljava/awt/EventFilter;)V+35
j  java.awt.EventDispatchThread.pumpEventsForHierarchy(ILjava/awt/Conditional;Ljava/awt/Component;)V+11
j  java.awt.EventDispatchThread.pumpEvents(ILjava/awt/Conditional;)V+4
j  java.awt.EventDispatchThread.pumpEvents(Ljava/awt/Conditional;)V+3
j  java.awt.EventDispatchThread.run()V+9
v  ~StubRoutines::call_stub

---------------  P R O C E S S  ---------------

Java Threads: ( => current thread )
  0x00007f8542a0b800 JavaThread "TimerQueue" daemon [_thread_blocked, id=58183, stack(0x00000001289a5000,0x0000000128aa5000)]
  0x00007f8542145000 JavaThread "Java2D Disposer" daemon [_thread_blocked, id=55819, stack(0x0000000127771000,0x0000000127871000)]
  0x00007f85419a8000 JavaThread "Java2D Queue Flusher" daemon [_thread_blocked, id=53511, stack(0x00000001269fb000,0x0000000126afb000)]
  0x00007f85420e8800 JavaThread "DestroyJavaVM" [_thread_blocked, id=4867, stack(0x00000001040c1000,0x00000001041c1000)]
=>0x00007f85420e8000 JavaThread "AWT-EventQueue-0" [_thread_in_native, id=51979, stack(0x00000001268f8000,0x00000001269f8000)]
  0x00007f85430ac000 JavaThread "AWT-Shutdown" [_thread_blocked, id=30739, stack(0x00000001238fd000,0x00000001239fd000)]
  0x00007f85420c2800 JavaThread "AppKit Thread" daemon [_thread_in_native, id=1811, stack(0x00007fff5d3df000,0x00007fff5dbdf000)]
  0x00007f854302e800 JavaThread "Service Thread" daemon [_thread_blocked, id=20739, stack(0x0000000121b64000,0x0000000121c64000)]
  0x00007f8541813000 JavaThread "C1 CompilerThread3" daemon [_thread_blocked, id=20227, stack(0x0000000121a61000,0x0000000121b61000)]
  0x00007f8544000000 JavaThread "C2 CompilerThread2" daemon [_thread_blocked, id=19715, stack(0x000000012195e000,0x0000000121a5e000)]
  0x00007f8542043000 JavaThread "C2 CompilerThread1" daemon [_thread_blocked, id=19203, stack(0x000000012185b000,0x000000012195b000)]
  0x00007f8542041800 JavaThread "C2 CompilerThread0" daemon [_thread_blocked, id=18691, stack(0x0000000121758000,0x0000000121858000)]
  0x00007f854280e000 JavaThread "Signal Dispatcher" daemon [_thread_blocked, id=15383, stack(0x0000000121655000,0x0000000121755000)]
  0x00007f8542026800 JavaThread "Finalizer" daemon [_thread_blocked, id=13571, stack(0x000000011fc24000,0x000000011fd24000)]
  0x00007f8542026000 JavaThread "Reference Handler" daemon [_thread_blocked, id=13059, stack(0x000000011fb21000,0x000000011fc21000)]

Other Threads:
  0x00007f8541812800 VMThread [stack: 0x000000011fa1e000,0x000000011fb1e000] [id=12547]
  0x00007f8542836800 WatcherThread [stack: 0x0000000121c67000,0x0000000121d67000] [id=21251]

VM state:not at safepoint (normal execution)

VM Mutex/Monitor currently owned by a thread: None

Heap:
 PSYoungGen      total 12800K, used 822K [0x000000076ab00000, 0x000000076ba00000, 0x00000007c0000000)
  eden space 10240K, 5% used [0x000000076ab00000,0x000000076ab8da20,0x000000076b500000)
  from space 2560K, 10% used [0x000000076b500000,0x000000076b540000,0x000000076b780000)
  to   space 2560K, 0% used [0x000000076b780000,0x000000076b780000,0x000000076ba00000)
 ParOldGen       total 260608K, used 21692K [0x00000006c0000000, 0x00000006cfe80000, 0x000000076ab00000)
  object space 260608K, 8% used [0x00000006c0000000,0x00000006c152f1e0,0x00000006cfe80000)
 Metaspace       used 15930K, capacity 16094K, committed 16256K, reserved 1062912K
  class space    used 2117K, capacity 2154K, committed 2176K, reserved 1048576K

Card table byte_map: [0x0000000113583000,0x0000000113d84000] byte_map_base: 0x000000010ff83000

Marking Bits: (ParMarkBitMap*) 0x0000000103a660a0
 Begin Bits: [0x0000000114af2000, 0x0000000118af2000)
 End Bits:   [0x0000000118af2000, 0x000000011caf2000)

Polling page: 0x0000000102178000

CodeCache: size=245760Kb used=7422Kb max_used=7437Kb free=238337Kb
 bounds [0x00000001041c3000, 0x0000000104913000, 0x00000001131c3000]
 total_blobs=2778 nmethods=2234 adapters=458
 compilation: enabled

Compilation events (10 events):
Event: 56.176 Thread 0x00007f8542043000 2228       4       java.awt.geom.EllipseIterator::isDone (14 bytes)
Event: 56.177 Thread 0x00007f8542043000 nmethod 2228 0x00000001048fc8d0 code [0x00000001048fca00, 0x00000001048fca78]
Event: 56.179 Thread 0x00007f8544000000 nmethod 2227 0x00000001048fb5d0 code [0x00000001048fb760, 0x00000001048fb938]
Event: 56.194 Thread 0x00007f8541813000 2229       3       sun.java2d.SunGraphics2D::validateBasicStroke (332 bytes)
Event: 56.196 Thread 0x00007f8541813000 nmethod 2229 0x00000001048fcad0 code [0x00000001048fcde0, 0x00000001048fe148]
Event: 56.209 Thread 0x00007f8542043000 2230       4       java.awt.Container::getMouseEventTarget (50 bytes)
Event: 56.211 Thread 0x00007f8541813000 2231       3       sun.java2d.pipe.PixelToParallelogramConverter::drawGeneralLine (641 bytes)
Event: 56.215 Thread 0x00007f8541813000 nmethod 2231 0x00000001048feb90 code [0x00000001048ff080, 0x0000000104901098]
Event: 56.227 Thread 0x00007f8542041800 nmethod 2221 0x0000000104905310 code [0x00000001049055e0, 0x0000000104907480]
Event: 56.231 Thread 0x00007f8542043000 nmethod 2230 0x000000010490b350 code [0x000000010490b5c0, 0x000000010490c6e8]

GC Heap History (10 events):
Event: 1.341 GC heap before
{Heap before GC invocations=9 (full 0):
 PSYoungGen      total 5120K, used 5120K [0x000000076ab00000, 0x000000076b300000, 0x00000007c0000000)
  eden space 3584K, 100% used [0x000000076ab00000,0x000000076ae80000,0x000000076ae80000)
  from space 1536K, 100% used [0x000000076b080000,0x000000076b200000,0x000000076b200000)
  to   space 2048K, 0% used [0x000000076ae80000,0x000000076ae80000,0x000000076b080000)
 ParOldGen       total 260608K, used 1904K [0x00000006c0000000, 0x00000006cfe80000, 0x000000076ab00000)
  object space 260608K, 0% used [0x00000006c0000000,0x00000006c01dc1f8,0x00000006cfe80000)
 Metaspace       used 13535K, capacity 13736K, committed 14080K, reserved 1060864K
  class space    used 1853K, capacity 1923K, committed 2048K, reserved 1048576K
Event: 1.345 GC heap after
Heap after GC invocations=9 (full 0):
 PSYoungGen      total 5632K, used 2048K [0x000000076ab00000, 0x000000076b600000, 0x00000007c0000000)
  eden space 3584K, 0% used [0x000000076ab00000,0x000000076ab00000,0x000000076ae80000)
  from space 2048K, 100% used [0x000000076ae80000,0x000000076b080000,0x000000076b080000)
  to   space 2560K, 0% used [0x000000076b380000,0x000000076b380000,0x000000076b600000)
 ParOldGen       total 260608K, used 2168K [0x00000006c0000000, 0x00000006cfe80000, 0x000000076ab00000)
  object space 260608K, 0% used [0x00000006c0000000,0x00000006c021e1f8,0x00000006cfe80000)
 Metaspace       used 13535K, capacity 13736K, committed 14080K, reserved 1060864K
  class space    used 1853K, capacity 1923K, committed 2048K, reserved 1048576K
}
Event: 18.239 GC heap before
{Heap before GC invocations=10 (full 0):
 PSYoungGen      total 5632K, used 5632K [0x000000076ab00000, 0x000000076b600000, 0x00000007c0000000)
  eden space 3584K, 100% used [0x000000076ab00000,0x000000076ae80000,0x000000076ae80000)
  from space 2048K, 100% used [0x000000076ae80000,0x000000076b080000,0x000000076b080000)
  to   space 2560K, 0% used [0x000000076b380000,0x000000076b380000,0x000000076b600000)
 ParOldGen       total 260608K, used 8486K [0x00000006c0000000, 0x00000006cfe80000, 0x000000076ab00000)
  object space 260608K, 3% used [0x00000006c0000000,0x00000006c0849888,0x00000006cfe80000)
 Metaspace       used 15060K, capacity 15248K, committed 15488K, reserved 1062912K
  class space    used 2042K, capacity 2085K, committed 2176K, reserved 1048576K
Event: 18.242 GC heap after
Heap after GC invocations=10 (full 0):
 PSYoungGen      total 8704K, used 2175K [0x000000076ab00000, 0x000000076b600000, 0x00000007c0000000)
  eden space 6144K, 0% used [0x000000076ab00000,0x000000076ab00000,0x000000076b100000)
  from space 2560K, 84% used [0x000000076b380000,0x000000076b59fe48,0x000000076b600000)
  to   space 2560K, 0% used [0x000000076b100000,0x000000076b100000,0x000000076b380000)
 ParOldGen       total 260608K, used 11433K [0x00000006c0000000, 0x00000006cfe80000, 0x000000076ab00000)
  object space 260608K, 4% used [0x00000006c0000000,0x00000006c0b2a6b8,0x00000006cfe80000)
 Metaspace       used 15060K, capacity 15248K, committed 15488K, reserved 1062912K
  class space    used 2042K, capacity 2085K, committed 2176K, reserved 1048576K
}
Event: 39.500 GC heap before
{Heap before GC invocations=11 (full 0):
 PSYoungGen      total 8704K, used 8319K [0x000000076ab00000, 0x000000076b600000, 0x00000007c0000000)
  eden space 6144K, 100% used [0x000000076ab00000,0x000000076b100000,0x000000076b100000)
  from space 2560K, 84% used [0x000000076b380000,0x000000076b59fe48,0x000000076b600000)
  to   space 2560K, 0% used [0x000000076b100000,0x000000076b100000,0x000000076b380000)
 ParOldGen       total 260608K, used 11433K [0x00000006c0000000, 0x00000006cfe80000, 0x000000076ab00000)
  object space 260608K, 4% used [0x00000006c0000000,0x00000006c0b2a6b8,0x00000006cfe80000)
 Metaspace       used 15735K, capacity 15902K, committed 16256K, reserved 1062912K
  class space    used 2101K, capacity 2154K, committed 2176K, reserved 1048576K
Event: 39.503 GC heap after
Heap after GC invocations=11 (full 0):
 PSYoungGen      total 8704K, used 320K [0x000000076ab00000, 0x000000076ba00000, 0x00000007c0000000)
  eden space 6144K, 0% used [0x000000076ab00000,0x000000076ab00000,0x000000076b100000)
  from space 2560K, 12% used [0x000000076b100000,0x000000076b150000,0x000000076b380000)
  to   space 2560K, 0% used [0x000000076b780000,0x000000076b780000,0x000000076ba00000)
 ParOldGen       total 260608K, used 15093K [0x00000006c0000000, 0x00000006cfe80000, 0x000000076ab00000)
  object space 260608K, 5% used [0x00000006c0000000,0x00000006c0ebd658,0x00000006cfe80000)
 Metaspace       used 15735K, capacity 15902K, committed 16256K, reserved 1062912K
  class space    used 2101K, capacity 2154K, committed 2176K, reserved 1048576K
}
Event: 50.133 GC heap before
{Heap before GC invocations=12 (full 0):
 PSYoungGen      total 8704K, used 6464K [0x000000076ab00000, 0x000000076ba00000, 0x00000007c0000000)
  eden space 6144K, 100% used [0x000000076ab00000,0x000000076b100000,0x000000076b100000)
  from space 2560K, 12% used [0x000000076b100000,0x000000076b150000,0x000000076b380000)
  to   space 2560K, 0% used [0x000000076b780000,0x000000076b780000,0x000000076ba00000)
 ParOldGen       total 260608K, used 21411K [0x00000006c0000000, 0x00000006cfe80000, 0x000000076ab00000)
  object space 260608K, 8% used [0x00000006c0000000,0x00000006c14e8ce8,0x00000006cfe80000)
 Metaspace       used 15892K, capacity 16094K, committed 16256K, reserved 1062912K
  class space    used 2117K, capacity 2154K, committed 2176K, reserved 1048576K
Event: 50.134 GC heap after
Heap after GC invocations=12 (full 0):
 PSYoungGen      total 12800K, used 320K [0x000000076ab00000, 0x000000076ba00000, 0x00000007c0000000)
  eden space 10240K, 0% used [0x000000076ab00000,0x000000076ab00000,0x000000076b500000)
  from space 2560K, 12% used [0x000000076b780000,0x000000076b7d0000,0x000000076ba00000)
  to   space 2560K, 0% used [0x000000076b500000,0x000000076b500000,0x000000076b780000)
 ParOldGen       total 260608K, used 21588K [0x00000006c0000000, 0x00000006cfe80000, 0x000000076ab00000)
  object space 260608K, 8% used [0x00000006c0000000,0x00000006c15151e0,0x00000006cfe80000)
 Metaspace       used 15892K, capacity 16094K, committed 16256K, reserved 1062912K
  class space    used 2117K, capacity 2154K, committed 2176K, reserved 1048576K
}
Event: 56.056 GC heap before
{Heap before GC invocations=13 (full 0):
 PSYoungGen      total 12800K, used 10560K [0x000000076ab00000, 0x000000076ba00000, 0x00000007c0000000)
  eden space 10240K, 100% used [0x000000076ab00000,0x000000076b500000,0x000000076b500000)
  from space 2560K, 12% used [0x000000076b780000,0x000000076b7d0000,0x000000076ba00000)
  to   space 2560K, 0% used [0x000000076b500000,0x000000076b500000,0x000000076b780000)
 ParOldGen       total 260608K, used 21588K [0x00000006c0000000, 0x00000006cfe80000, 0x000000076ab00000)
  object space 260608K, 8% used [0x00000006c0000000,0x00000006c15151e0,0x00000006cfe80000)
 Metaspace       used 15920K, capacity 16094K, committed 16256K, reserved 1062912K
  class space    used 2117K, capacity 2154K, committed 2176K, reserved 1048576K
Event: 56.057 GC heap after
Heap after GC invocations=13 (full 0):
 PSYoungGen      total 12800K, used 256K [0x000000076ab00000, 0x000000076ba00000, 0x00000007c0000000)
  eden space 10240K, 0% used [0x000000076ab00000,0x000000076ab00000,0x000000076b500000)
  from space 2560K, 10% used [0x000000076b500000,0x000000076b540000,0x000000076b780000)
  to   space 2560K, 0% used [0x000000076b780000,0x000000076b780000,0x000000076ba00000)
 ParOldGen       total 260608K, used 21692K [0x00000006c0000000, 0x00000006cfe80000, 0x000000076ab00000)
  object space 260608K, 8% used [0x00000006c0000000,0x00000006c152f1e0,0x00000006cfe80000)
 Metaspace       used 15920K, capacity 16094K, committed 16256K, reserved 1062912K
  class space    used 2117K, capacity 2154K, committed 2176K, reserved 1048576K
}

Deoptimization events (9 events):
Event: 1.460 Thread 0x00007f85420e8000 Uncommon trap: reason=class_check action=maybe_recompile pc=0x0000000104372e80 method=java.lang.String.equals(Ljava/lang/Object;)Z @ 8
Event: 1.460 Thread 0x00007f85420e8000 Uncommon trap: reason=class_check action=maybe_recompile pc=0x0000000104372e80 method=java.lang.String.equals(Ljava/lang/Object;)Z @ 8
Event: 2.479 Thread 0x00007f85420e8000 Uncommon trap: reason=unreached action=reinterpret pc=0x00000001044ca694 method=java.beans.ChangeListenerMap.get(Ljava/lang/String;)[Ljava/util/EventListener; @ 4
Event: 2.487 Thread 0x00007f85420e8000 Uncommon trap: reason=class_check action=maybe_recompile pc=0x0000000104372e80 method=java.lang.String.equals(Ljava/lang/Object;)Z @ 8
Event: 2.487 Thread 0x00007f85420e8000 Uncommon trap: reason=class_check action=maybe_recompile pc=0x0000000104372e80 method=java.lang.String.equals(Ljava/lang/Object;)Z @ 8
Event: 37.398 Thread 0x00007f85420e8000 Uncommon trap: reason=class_check action=maybe_recompile pc=0x0000000104600dfc method=java.util.HashMap.putVal(ILjava/lang/Object;Ljava/lang/Object;ZZ)Ljava/lang/Object; @ 253
Event: 37.398 Thread 0x00007f85420e8000 Uncommon trap: reason=class_check action=maybe_recompile pc=0x0000000104600dfc method=java.util.HashMap.putVal(ILjava/lang/Object;Ljava/lang/Object;ZZ)Ljava/lang/Object; @ 253
Event: 39.387 Thread 0x00007f85420e8000 Uncommon trap: reason=class_check action=maybe_recompile pc=0x0000000104600dfc method=java.util.HashMap.putVal(ILjava/lang/Object;Ljava/lang/Object;ZZ)Ljava/lang/Object; @ 253
Event: 45.257 Thread 0x00007f85420e8000 Uncommon trap: reason=class_check action=maybe_recompile pc=0x0000000104600dfc method=java.util.HashMap.putVal(ILjava/lang/Object;Ljava/lang/Object;ZZ)Ljava/lang/Object; @ 253

Internal exceptions (10 events):
Event: 37.396 Thread 0x00007f85420e8000 Exception <a 'java/security/PrivilegedActionException'> (0x000000076af26ee8) thrown at [/HUDSON/workspace/8-2-build-macosx-x86_64/jdk8u5/2488/hotspot/src/share/vm/prims/jvm.cpp, line 1248]
Event: 37.397 Thread 0x00007f85420e8000 Exception <a 'java/security/PrivilegedActionException'> (0x000000076af2c288) thrown at [/HUDSON/workspace/8-2-build-macosx-x86_64/jdk8u5/2488/hotspot/src/share/vm/prims/jvm.cpp, line 1248]
Event: 37.398 Thread 0x00007f85420e8000 Exception <a 'java/security/PrivilegedActionException'> (0x000000076af31dc8) thrown at [/HUDSON/workspace/8-2-build-macosx-x86_64/jdk8u5/2488/hotspot/src/share/vm/prims/jvm.cpp, line 1248]
Event: 37.399 Thread 0x00007f85420e8000 Exception <a 'java/security/PrivilegedActionException'> (0x000000076af37be8) thrown at [/HUDSON/workspace/8-2-build-macosx-x86_64/jdk8u5/2488/hotspot/src/share/vm/prims/jvm.cpp, line 1248]
Event: 48.697 Thread 0x00007f85420e8000 Exception <a 'java/security/PrivilegedActionException'> (0x000000076af670b0) thrown at [/HUDSON/workspace/8-2-build-macosx-x86_64/jdk8u5/2488/hotspot/src/share/vm/prims/jvm.cpp, line 1248]
Event: 48.697 Thread 0x00007f85420e8000 Exception <a 'java/security/PrivilegedActionException'> (0x000000076af6b080) thrown at [/HUDSON/workspace/8-2-build-macosx-x86_64/jdk8u5/2488/hotspot/src/share/vm/prims/jvm.cpp, line 1248]
Event: 48.698 Thread 0x00007f85420e8000 Exception <a 'java/security/PrivilegedActionException'> (0x000000076af738a0) thrown at [/HUDSON/workspace/8-2-build-macosx-x86_64/jdk8u5/2488/hotspot/src/share/vm/prims/jvm.cpp, line 1248]
Event: 49.409 Thread 0x00007f85420e8000 Exception <a 'java/security/PrivilegedActionException'> (0x000000076b026628) thrown at [/HUDSON/workspace/8-2-build-macosx-x86_64/jdk8u5/2488/hotspot/src/share/vm/prims/jvm.cpp, line 1248]
Event: 49.410 Thread 0x00007f85420e8000 Exception <a 'java/security/PrivilegedActionException'> (0x000000076b030230) thrown at [/HUDSON/workspace/8-2-build-macosx-x86_64/jdk8u5/2488/hotspot/src/share/vm/prims/jvm.cpp, line 1248]
Event: 49.837 Thread 0x00007f85420e8000 Exception <a 'java/security/PrivilegedActionException'> (0x000000076b0b7c50) thrown at [/HUDSON/workspace/8-2-build-macosx-x86_64/jdk8u5/2488/hotspot/src/share/vm/prims/jvm.cpp, line 1248]

Events (10 events):
Event: 50.136 Executing VM operation: RevokeBias done
Event: 50.136 Executing VM operation: RevokeBias
Event: 50.136 Executing VM operation: RevokeBias done
Event: 50.136 Executing VM operation: RevokeBias
Event: 50.136 Executing VM operation: RevokeBias done
Event: 54.842 Executing VM operation: RevokeBias
Event: 54.842 Executing VM operation: RevokeBias done
Event: 54.842 Thread 0x00007f8543340000 Thread exited: 0x00007f8543340000
Event: 56.056 Executing VM operation: ParallelGCFailedAllocation
Event: 56.057 Executing VM operation: ParallelGCFailedAllocation done


Dynamic libraries:
0x0000000005e7c000 	/System/Library/Frameworks/Cocoa.framework/Versions/A/Cocoa
0x0000000005e7c000 	/System/Library/Frameworks/Security.framework/Versions/A/Security
0x0000000005e7c000 	/System/Library/Frameworks/ApplicationServices.framework/Versions/A/ApplicationServices
0x0000000005e7c000 	/usr/lib/libz.1.dylib
0x0000000005e7c000 	/usr/lib/libSystem.B.dylib
0x0000000005e7c000 	/usr/lib/libobjc.A.dylib
0x0000000005e7c000 	/System/Library/Frameworks/CoreFoundation.framework/Versions/A/CoreFoundation
0x0000000005e7c000 	/System/Library/Frameworks/Foundation.framework/Versions/C/Foundation
0x0000000005e7c000 	/System/Library/Frameworks/AppKit.framework/Versions/C/AppKit
0x0000000005e7c000 	/System/Library/Frameworks/CoreData.framework/Versions/A/CoreData
0x0000000005e7c000 	/System/Library/PrivateFrameworks/RemoteViewServices.framework/Versions/A/RemoteViewServices
0x0000000005e7c000 	/System/Library/PrivateFrameworks/UIFoundation.framework/Versions/A/UIFoundation
0x0000000005e7c000 	/System/Library/Frameworks/IOSurface.framework/Versions/A/IOSurface
0x0000000005e7c000 	/System/Library/Frameworks/AudioToolbox.framework/Versions/A/AudioToolbox
0x0000000005e7c000 	/System/Library/Frameworks/AudioUnit.framework/Versions/A/AudioUnit
0x0000000005e7c000 	/System/Library/PrivateFrameworks/DataDetectorsCore.framework/Versions/A/DataDetectorsCore
0x0000000005e7c000 	/System/Library/PrivateFrameworks/DesktopServicesPriv.framework/Versions/A/DesktopServicesPriv
0x0000000005e7c000 	/System/Library/Frameworks/Carbon.framework/Versions/A/Frameworks/HIToolbox.framework/Versions/A/HIToolbox
0x0000000005e7c000 	/System/Library/Frameworks/QuartzCore.framework/Versions/A/QuartzCore
0x0000000005e7c000 	/System/Library/Frameworks/Carbon.framework/Versions/A/Frameworks/SpeechRecognition.framework/Versions/A/SpeechRecognition
0x0000000005e7c000 	/usr/lib/libauto.dylib
0x0000000005e7c000 	/usr/lib/libicucore.A.dylib
0x0000000005e7c000 	/usr/lib/libxml2.2.dylib
0x0000000005e7c000 	/System/Library/PrivateFrameworks/CoreUI.framework/Versions/A/CoreUI
0x0000000005e7c000 	/System/Library/Frameworks/CoreAudio.framework/Versions/A/CoreAudio
0x0000000005e7c000 	/System/Library/Frameworks/DiskArbitration.framework/Versions/A/DiskArbitration
0x0000000005e7c000 	/usr/lib/liblangid.dylib
0x0000000005e7c000 	/System/Library/PrivateFrameworks/MultitouchSupport.framework/Versions/A/MultitouchSupport
0x0000000005e7c000 	/System/Library/Frameworks/IOKit.framework/Versions/A/IOKit
0x0000000005e7c000 	/usr/lib/libDiagnosticMessagesClient.dylib
0x0000000005e7c000 	/System/Library/Frameworks/CoreServices.framework/Versions/A/CoreServices
0x0000000005e7c000 	/System/Library/PrivateFrameworks/PerformanceAnalysis.framework/Versions/A/PerformanceAnalysis
0x0000000005e7c000 	/System/Library/PrivateFrameworks/GenerationalStorage.framework/Versions/A/GenerationalStorage
0x0000000005e7c000 	/System/Library/Frameworks/OpenGL.framework/Versions/A/OpenGL
0x0000000005e7c000 	/System/Library/PrivateFrameworks/Sharing.framework/Versions/A/Sharing
0x0000000005e7c000 	/System/Library/Frameworks/CoreGraphics.framework/Versions/A/CoreGraphics
0x0000000005e7c000 	/System/Library/Frameworks/CoreText.framework/Versions/A/CoreText
0x0000000005e7c000 	/System/Library/Frameworks/ImageIO.framework/Versions/A/ImageIO
0x0000000005e7c000 	/usr/lib/libextension.dylib
0x0000000005e7c000 	/System/Library/PrivateFrameworks/Backup.framework/Versions/A/Backup
0x0000000005e7c000 	/usr/lib/libarchive.2.dylib
0x0000000005e7c000 	/System/Library/Frameworks/CFNetwork.framework/Versions/A/CFNetwork
0x0000000005e7c000 	/System/Library/Frameworks/SystemConfiguration.framework/Versions/A/SystemConfiguration
0x0000000005e7c000 	/usr/lib/libCRFSuite.dylib
0x0000000005e7c000 	/usr/lib/libc++.1.dylib
0x0000000005e7c000 	/usr/lib/libc++abi.dylib
0x0000000005e7c000 	/usr/lib/system/libcache.dylib
0x0000000005e7c000 	/usr/lib/system/libcommonCrypto.dylib
0x0000000005e7c000 	/usr/lib/system/libcompiler_rt.dylib
0x0000000005e7c000 	/usr/lib/system/libcopyfile.dylib
0x0000000005e7c000 	/usr/lib/system/libcorecrypto.dylib
0x0000000005e7c000 	/usr/lib/system/libdispatch.dylib
0x0000000005e7c000 	/usr/lib/system/libdyld.dylib
0x0000000005e7c000 	/usr/lib/system/libkeymgr.dylib
0x0000000005e7c000 	/usr/lib/system/liblaunch.dylib
0x0000000005e7c000 	/usr/lib/system/libmacho.dylib
0x0000000005e7c000 	/usr/lib/system/libquarantine.dylib
0x0000000005e7c000 	/usr/lib/system/libremovefile.dylib
0x0000000005e7c000 	/usr/lib/system/libsystem_asl.dylib
0x0000000005e7c000 	/usr/lib/system/libsystem_blocks.dylib
0x0000000005e7c000 	/usr/lib/system/libsystem_c.dylib
0x0000000005e7c000 	/usr/lib/system/libsystem_configuration.dylib
0x0000000005e7c000 	/usr/lib/system/libsystem_coreservices.dylib
0x0000000005e7c000 	/usr/lib/system/libsystem_coretls.dylib
0x0000000005e7c000 	/usr/lib/system/libsystem_dnssd.dylib
0x0000000005e7c000 	/usr/lib/system/libsystem_info.dylib
0x0000000005e7c000 	/usr/lib/system/libsystem_kernel.dylib
0x0000000005e7c000 	/usr/lib/system/libsystem_m.dylib
0x0000000005e7c000 	/usr/lib/system/libsystem_malloc.dylib
0x0000000005e7c000 	/usr/lib/system/libsystem_network.dylib
0x0000000005e7c000 	/usr/lib/system/libsystem_networkextension.dylib
0x0000000005e7c000 	/usr/lib/system/libsystem_notify.dylib
0x0000000005e7c000 	/usr/lib/system/libsystem_platform.dylib
0x0000000005e7c000 	/usr/lib/system/libsystem_pthread.dylib
0x0000000005e7c000 	/usr/lib/system/libsystem_sandbox.dylib
0x0000000005e7c000 	/usr/lib/system/libsystem_secinit.dylib
0x0000000005e7c000 	/usr/lib/system/libsystem_stats.dylib
0x0000000005e7c000 	/usr/lib/system/libsystem_trace.dylib
0x0000000005e7c000 	/usr/lib/system/libunc.dylib
0x0000000005e7c000 	/usr/lib/system/libunwind.dylib
0x0000000005e7c000 	/usr/lib/system/libxpc.dylib
0x0000000005e7c000 	/usr/lib/libbz2.1.0.dylib
0x0000000005e7c000 	/usr/lib/liblzma.5.dylib
0x0000000005e7c000 	/usr/lib/libbsm.0.dylib
0x0000000005e7c000 	/usr/lib/libsqlite3.dylib
0x0000000005e7c000 	/usr/lib/system/libkxld.dylib
0x0000000005e7c000 	/usr/lib/libxar.1.dylib
0x0000000005e7c000 	/usr/lib/libpam.2.dylib
0x0000000005e7c000 	/usr/lib/libOpenScriptingUtil.dylib
0x0000000005e7c000 	/System/Library/Frameworks/CoreServices.framework/Versions/A/Frameworks/FSEvents.framework/Versions/A/FSEvents
0x0000000005e7c000 	/System/Library/Frameworks/CoreServices.framework/Versions/A/Frameworks/CarbonCore.framework/Versions/A/CarbonCore
0x0000000005e7c000 	/System/Library/Frameworks/CoreServices.framework/Versions/A/Frameworks/Metadata.framework/Versions/A/Metadata
0x0000000005e7c000 	/System/Library/Frameworks/CoreServices.framework/Versions/A/Frameworks/OSServices.framework/Versions/A/OSServices
0x0000000005e7c000 	/System/Library/Frameworks/CoreServices.framework/Versions/A/Frameworks/SearchKit.framework/Versions/A/SearchKit
0x0000000005e7c000 	/System/Library/Frameworks/CoreServices.framework/Versions/A/Frameworks/AE.framework/Versions/A/AE
0x0000000005e7c000 	/System/Library/Frameworks/CoreServices.framework/Versions/A/Frameworks/LaunchServices.framework/Versions/A/LaunchServices
0x0000000005e7c000 	/System/Library/Frameworks/CoreServices.framework/Versions/A/Frameworks/DictionaryServices.framework/Versions/A/DictionaryServices
0x0000000005e7c000 	/System/Library/Frameworks/NetFS.framework/Versions/A/NetFS
0x0000000005e7c000 	/System/Library/PrivateFrameworks/NetAuth.framework/Versions/A/NetAuth
0x0000000005e7c000 	/System/Library/PrivateFrameworks/login.framework/Versions/A/Frameworks/loginsupport.framework/Versions/A/loginsupport
0x0000000005e7c000 	/System/Library/PrivateFrameworks/TCC.framework/Versions/A/TCC
0x0000000005e7c000 	/usr/lib/libmecabra.dylib
0x0000000005e7c000 	/System/Library/Frameworks/ApplicationServices.framework/Versions/A/Frameworks/ATS.framework/Versions/A/ATS
0x0000000005e7c000 	/System/Library/Frameworks/ApplicationServices.framework/Versions/A/Frameworks/ColorSync.framework/Versions/A/ColorSync
0x0000000005e7c000 	/System/Library/Frameworks/ApplicationServices.framework/Versions/A/Frameworks/HIServices.framework/Versions/A/HIServices
0x0000000005e7c000 	/System/Library/Frameworks/ApplicationServices.framework/Versions/A/Frameworks/LangAnalysis.framework/Versions/A/LangAnalysis
0x0000000005e7c000 	/System/Library/Frameworks/ApplicationServices.framework/Versions/A/Frameworks/PrintCore.framework/Versions/A/PrintCore
0x0000000005e7c000 	/System/Library/Frameworks/ApplicationServices.framework/Versions/A/Frameworks/QD.framework/Versions/A/QD
0x0000000005e7c000 	/System/Library/Frameworks/ApplicationServices.framework/Versions/A/Frameworks/SpeechSynthesis.framework/Versions/A/SpeechSynthesis
0x0000000005e7c000 	/System/Library/Frameworks/Accelerate.framework/Versions/A/Accelerate
0x0000000005e7c000 	/System/Library/Frameworks/Accelerate.framework/Versions/A/Frameworks/vImage.framework/Versions/A/vImage
0x0000000005e7c000 	/System/Library/Frameworks/Accelerate.framework/Versions/A/Frameworks/vecLib.framework/Versions/A/vecLib
0x0000000005e7c000 	/System/Library/Frameworks/Accelerate.framework/Versions/A/Frameworks/vecLib.framework/Versions/A/libvDSP.dylib
0x0000000005e7c000 	/System/Library/Frameworks/Accelerate.framework/Versions/A/Frameworks/vecLib.framework/Versions/A/libvMisc.dylib
0x0000000005e7c000 	/System/Library/Frameworks/Accelerate.framework/Versions/A/Frameworks/vecLib.framework/Versions/A/libLAPACK.dylib
0x0000000005e7c000 	/System/Library/Frameworks/Accelerate.framework/Versions/A/Frameworks/vecLib.framework/Versions/A/libBLAS.dylib
0x0000000005e7c000 	/System/Library/Frameworks/Accelerate.framework/Versions/A/Frameworks/vecLib.framework/Versions/A/libLinearAlgebra.dylib
0x0000000005e7c000 	/System/Library/Frameworks/ApplicationServices.framework/Versions/A/Frameworks/ATS.framework/Versions/A/Resources/libFontParser.dylib
0x0000000005e7c000 	/System/Library/Frameworks/ApplicationServices.framework/Versions/A/Frameworks/ATS.framework/Versions/A/Resources/libFontRegistry.dylib
0x0000000005e7c000 	/System/Library/PrivateFrameworks/AppleVPA.framework/Versions/A/AppleVPA
0x0000000005e7c000 	/System/Library/PrivateFrameworks/AppleJPEG.framework/Versions/A/AppleJPEG
0x0000000005e7c000 	/System/Library/Frameworks/ImageIO.framework/Versions/A/Resources/libJPEG.dylib
0x0000000005e7c000 	/System/Library/Frameworks/ImageIO.framework/Versions/A/Resources/libTIFF.dylib
0x0000000005e7c000 	/System/Library/Frameworks/ImageIO.framework/Versions/A/Resources/libPng.dylib
0x0000000005e7c000 	/System/Library/Frameworks/ImageIO.framework/Versions/A/Resources/libGIF.dylib
0x0000000005e7c000 	/System/Library/Frameworks/ImageIO.framework/Versions/A/Resources/libJP2.dylib
0x0000000005e7c000 	/System/Library/Frameworks/ImageIO.framework/Versions/A/Resources/libRadiance.dylib
0x0000000005e7c000 	/System/Library/Frameworks/CoreVideo.framework/Versions/A/CoreVideo
0x0000000005e7c000 	/System/Library/Frameworks/OpenGL.framework/Versions/A/Libraries/libGLU.dylib
0x0000000005e7c000 	/System/Library/Frameworks/OpenGL.framework/Versions/A/Libraries/libGFXShared.dylib
0x0000000005e7c000 	/System/Library/Frameworks/OpenGL.framework/Versions/A/Libraries/libGL.dylib
0x0000000005e7c000 	/System/Library/Frameworks/OpenGL.framework/Versions/A/Libraries/libGLImage.dylib
0x0000000005e7c000 	/System/Library/Frameworks/OpenGL.framework/Versions/A/Libraries/libCVMSPluginSupport.dylib
0x0000000005e7c000 	/System/Library/Frameworks/OpenGL.framework/Versions/A/Libraries/libCoreVMClient.dylib
0x0000000005e7c000 	/usr/lib/libcups.2.dylib
0x0000000005e7c000 	/System/Library/Frameworks/Kerberos.framework/Versions/A/Kerberos
0x0000000005e7c000 	/System/Library/Frameworks/GSS.framework/Versions/A/GSS
0x0000000005e7c000 	/usr/lib/libresolv.9.dylib
0x0000000005e7c000 	/usr/lib/libiconv.2.dylib
0x0000000005e7c000 	/System/Library/PrivateFrameworks/Heimdal.framework/Versions/A/Heimdal
0x0000000005e7c000 	/usr/lib/libheimdal-asn1.dylib
0x0000000005e7c000 	/System/Library/Frameworks/OpenDirectory.framework/Versions/A/OpenDirectory
0x0000000005e7c000 	/System/Library/PrivateFrameworks/CommonAuth.framework/Versions/A/CommonAuth
0x0000000005e7c000 	/System/Library/Frameworks/OpenDirectory.framework/Versions/A/Frameworks/CFOpenDirectory.framework/Versions/A/CFOpenDirectory
0x0000000005e7c000 	/System/Library/Frameworks/SecurityFoundation.framework/Versions/A/SecurityFoundation
0x0000000005e7c000 	/System/Library/PrivateFrameworks/LanguageModeling.framework/Versions/A/LanguageModeling
0x0000000005e7c000 	/usr/lib/libcmph.dylib
0x0000000005e7c000 	/System/Library/Frameworks/ServiceManagement.framework/Versions/A/ServiceManagement
0x0000000005e7c000 	/usr/lib/libxslt.1.dylib
0x0000000005e7c000 	/System/Library/Frameworks/Carbon.framework/Versions/A/Frameworks/Ink.framework/Versions/A/Ink
0x0000000005e7c000 	/System/Library/Frameworks/QuartzCore.framework/Versions/A/Frameworks/CoreImage.framework/Versions/A/CoreImage
0x0000000005e7c000 	/System/Library/PrivateFrameworks/CrashReporterSupport.framework/Versions/A/CrashReporterSupport
0x0000000005e7c000 	/System/Library/Frameworks/OpenCL.framework/Versions/A/OpenCL
0x0000000005e7c000 	/System/Library/PrivateFrameworks/FaceCore.framework/Versions/A/FaceCore
0x0000000005e7c000 	/System/Library/PrivateFrameworks/Ubiquity.framework/Versions/A/Ubiquity
0x0000000005e7c000 	/System/Library/PrivateFrameworks/IconServices.framework/Versions/A/IconServices
0x0000000005e7c000 	/System/Library/PrivateFrameworks/ChunkingLibrary.framework/Versions/A/ChunkingLibrary
0x0000000005e7c000 	/System/Library/PrivateFrameworks/Apple80211.framework/Versions/A/Apple80211
0x0000000005e7c000 	/System/Library/Frameworks/CoreWLAN.framework/Versions/A/CoreWLAN
0x0000000005e7c000 	/System/Library/Frameworks/IOBluetooth.framework/Versions/A/IOBluetooth
0x0000000005e7c000 	/System/Library/PrivateFrameworks/CoreWiFi.framework/Versions/A/CoreWiFi
0x0000000005e7c000 	/System/Library/Frameworks/CoreBluetooth.framework/Versions/A/CoreBluetooth
0x0000000005e7c000 	/System/Library/PrivateFrameworks/DebugSymbols.framework/Versions/A/DebugSymbols
0x0000000005e7c000 	/System/Library/PrivateFrameworks/CoreSymbolication.framework/Versions/A/CoreSymbolication
0x0000000005e7c000 	/System/Library/PrivateFrameworks/Symbolication.framework/Versions/A/Symbolication
0x0000000005e7c000 	/System/Library/PrivateFrameworks/SpeechRecognitionCore.framework/Versions/A/SpeechRecognitionCore
0x0000000103200000 	/Library/Java/JavaVirtualMachines/jdk1.8.0_05.jdk/Contents/Home/jre/lib/server/libjvm.dylib
0x0000000005e7c000 	/usr/lib/libstdc++.6.dylib
0x0000000102136000 	/Library/Java/JavaVirtualMachines/jdk1.8.0_05.jdk/Contents/Home/jre/lib/libverify.dylib
0x0000000102144000 	/Library/Java/JavaVirtualMachines/jdk1.8.0_05.jdk/Contents/Home/jre/lib/libjava.dylib
0x0000000102182000 	/Library/Java/JavaVirtualMachines/jdk1.8.0_05.jdk/Contents/Home/jre/lib/libzip.dylib
0x000000011fd26000 	/System/Library/Frameworks/JavaVM.framework/Frameworks/JavaRuntimeSupport.framework/JavaRuntimeSupport
0x000000011fd3e000 	/System/Library/Frameworks/JavaVM.framework/Versions/A/Frameworks/JavaNativeFoundation.framework/Versions/A/JavaNativeFoundation
0x000000011fd53000 	/System/Library/Frameworks/JavaVM.framework/Versions/A/JavaVM
0x0000000005e7c000 	/System/Library/Frameworks/Carbon.framework/Versions/A/Carbon
0x000000011fd60000 	/System/Library/PrivateFrameworks/JavaLaunching.framework/Versions/A/JavaLaunching
0x0000000005e7c000 	/System/Library/Frameworks/Carbon.framework/Versions/A/Frameworks/CommonPanels.framework/Versions/A/CommonPanels
0x0000000005e7c000 	/System/Library/Frameworks/Carbon.framework/Versions/A/Frameworks/Help.framework/Versions/A/Help
0x0000000005e7c000 	/System/Library/Frameworks/Carbon.framework/Versions/A/Frameworks/ImageCapture.framework/Versions/A/ImageCapture
0x0000000005e7c000 	/System/Library/Frameworks/Carbon.framework/Versions/A/Frameworks/OpenScripting.framework/Versions/A/OpenScripting
0x0000000005e7c000 	/System/Library/Frameworks/Carbon.framework/Versions/A/Frameworks/Print.framework/Versions/A/Print
0x0000000005e7c000 	/System/Library/Frameworks/Carbon.framework/Versions/A/Frameworks/SecurityHI.framework/Versions/A/SecurityHI
0x0000000121dca000 	/Library/Java/JavaVirtualMachines/jdk1.8.0_05.jdk/Contents/Home/jre/lib/libawt.dylib
0x0000000121e79000 	/Library/Java/JavaVirtualMachines/jdk1.8.0_05.jdk/Contents/Home/jre/lib/./libmlib_image.dylib
0x0000000121f45000 	/Library/Java/JavaVirtualMachines/jdk1.8.0_05.jdk/Contents/Home/jre/lib/libawt_lwawt.dylib
0x0000000121ff7000 	/Library/Java/JavaVirtualMachines/jdk1.8.0_05.jdk/Contents/Home/jre/lib/./libosxapp.dylib
0x0000000005e7c000 	/System/Library/Frameworks/ExceptionHandling.framework/Versions/A/ExceptionHandling
0x0000000005e7c000 	/System/Library/PrivateFrameworks/CoreServicesInternal.framework/Versions/A/CoreServicesInternal
0x0000000005e7c000 	/System/Library/PrivateFrameworks/CloudDocs.framework/Versions/A/CloudDocs
0x0000000005e7c000 	/System/Library/PrivateFrameworks/CoreDuet.framework/Versions/A/CoreDuet
0x0000000005e7c000 	/System/Library/Frameworks/CloudKit.framework/Versions/A/CloudKit
0x0000000005e7c000 	/System/Library/PrivateFrameworks/ProtocolBuffer.framework/Versions/A/ProtocolBuffer
0x0000000005e7c000 	/System/Library/PrivateFrameworks/CoreDuetDaemonProtocol.framework/Versions/A/CoreDuetDaemonProtocol
0x0000000005e7c000 	/System/Library/PrivateFrameworks/CoreDuetDebugLogging.framework/Versions/A/CoreDuetDebugLogging
0x0000000005e7c000 	/System/Library/PrivateFrameworks/MMCS.framework/Versions/A/MMCS
0x0000000005e7c000 	/System/Library/Frameworks/CoreLocation.framework/Versions/A/CoreLocation
0x0000000005e7c000 	/System/Library/PrivateFrameworks/ProtectedCloudStorage.framework/Versions/A/ProtectedCloudStorage
0x0000000005e7c000 	/System/Library/PrivateFrameworks/GeoServices.framework/Versions/A/GeoServices
0x0000000005e7c000 	/System/Library/Frameworks/CoreGraphics.framework/Versions/A/Resources/libCGCMS.A.dylib
0x0000000005e7c000 	/System/Library/Frameworks/CoreGraphics.framework/Versions/A/Resources/libRIP.A.dylib
0x0000000005e7c000 	/System/Library/Frameworks/CoreGraphics.framework/Versions/A/Resources/libCGXType.A.dylib
0x0000000005e7c000 	/System/Library/Frameworks/OpenCL.framework/Versions/A/Libraries/libcldcpuengine.dylib
0x0000000005e7c000 	/System/Library/PrivateFrameworks/DiskImages.framework/Versions/A/DiskImages
0x0000000005e7c000 	/System/Library/Frameworks/DiscRecording.framework/Versions/A/DiscRecording
0x0000000005e7c000 	/usr/lib/libcsfde.dylib
0x0000000005e7c000 	/usr/lib/libcurl.4.dylib
0x0000000005e7c000 	/System/Library/PrivateFrameworks/MediaKit.framework/Versions/A/MediaKit
0x0000000005e7c000 	/usr/lib/libCoreStorage.dylib
0x0000000005e7c000 	/System/Library/PrivateFrameworks/EFILogin.framework/Versions/A/EFILogin
0x0000000005e7c000 	/usr/lib/libutil.dylib
0x0000000005e7c000 	/System/Library/PrivateFrameworks/FindMyDevice.framework/Versions/A/FindMyDevice
0x0000000005e7c000 	/System/Library/Frameworks/LDAP.framework/Versions/A/LDAP
0x0000000005e7c000 	/usr/lib/libsasl2.2.dylib
0x0000000005e7c000 	/System/Library/PrivateFrameworks/CoreDaemon.framework/Versions/B/CoreDaemon
0x0000000005e7c000 	/usr/lib/libcrypto.0.9.8.dylib
0x0000000005e7c000 	/System/Library/PrivateFrameworks/AppleSRP.framework/Versions/A/AppleSRP
0x0000000005e7c000 	/System/Library/PrivateFrameworks/TrustEvaluationAgent.framework/Versions/A/TrustEvaluationAgent
0x0000000125386000 	cl_kernels
0x0000000125388000 	/System/Library/Frameworks/OpenCL.framework/Versions/A/Libraries/ImageFormats/unorm8_bgra.dylib
0x0000000125377000 	cl_kernels
0x0000000005e7c000 	/System/Library/PrivateFrameworks/FamilyControls.framework/Versions/A/FamilyControls
0x0000000005e7c000 	/System/Library/PrivateFrameworks/CommerceKit.framework/Versions/A/Frameworks/CommerceCore.framework/Versions/A/CommerceCore
0x0000000005e7c000 	/System/Library/PrivateFrameworks/SystemAdministration.framework/Versions/A/SystemAdministration
0x0000000005e7c000 	/System/Library/PrivateFrameworks/AppContainer.framework/Versions/A/AppContainer
0x0000000005e7c000 	/System/Library/PrivateFrameworks/SecCodeWrapper.framework/Versions/A/SecCodeWrapper
0x0000000005e7c000 	/System/Library/Frameworks/DirectoryService.framework/Versions/A/DirectoryService
0x0000000005e7c000 	/System/Library/PrivateFrameworks/LoginUIKit.framework/Versions/A/Frameworks/LoginUICore.framework/Versions/A/LoginUICore
0x0000000005e7c000 	/usr/lib/libodfde.dylib
0x0000000126891000 	/Library/Java/JavaVirtualMachines/jdk1.8.0_05.jdk/Contents/Home/jre/lib/libfontmanager.dylib
0x00000001248a9000 	/Library/Java/JavaVirtualMachines/jdk1.8.0_05.jdk/Contents/Home/jre/lib/libosxui.dylib
0x0000000005e7c000 	/System/Library/Frameworks/OpenGL.framework/Versions/A/Resources/GLEngine.bundle/GLEngine
0x0000000005e7c000 	/System/Library/Frameworks/OpenGL.framework/Versions/A/Libraries/libGLProgrammability.dylib
0x0000000000000000 	/System/Library/Extensions/AppleIntelHD4000GraphicsGLDriver.bundle/Contents/MacOS/AppleIntelHD4000GraphicsGLDriver
0x0000000005e7c000 	/System/Library/PrivateFrameworks/IOAccelerator.framework/Versions/A/IOAccelerator
0x0000000005e7c000 	/System/Library/PrivateFrameworks/GPUSupport.framework/Versions/A/Libraries/libGPUSupportMercury.dylib
0x0000000000000000 	/System/Library/Extensions/GeForceGLDriver.bundle/Contents/MacOS/GeForceGLDriver
0x0000000005e7c000 	/System/Library/Extensions/GeForceGLDriver.bundle/Contents/MacOS/libclh.dylib
0x0000000005e7c000 	/System/Library/Frameworks/OpenGL.framework/Versions/A/Resources/GLRendererFloat.bundle/GLRendererFloat
0x000000012837f000 	/Library/Java/JavaVirtualMachines/jdk1.8.0_05.jdk/Contents/Home/jre/lib/libnet.dylib
0x000000012812d000 	/Library/Java/JavaVirtualMachines/jdk1.8.0_05.jdk/Contents/Home/jre/lib/libnio.dylib
0x0000000005e7c000 	/System/Library/PrivateFrameworks/FinderKit.framework/Versions/A/FinderKit
0x0000000005e7c000 	/System/Library/PrivateFrameworks/Suggestions.framework/Versions/A/Suggestions
0x0000000005e7c000 	/System/Library/Frameworks/Quartz.framework/Versions/A/Frameworks/QuickLookUI.framework/Versions/A/QuickLookUI
0x0000000005e7c000 	/System/Library/Frameworks/Quartz.framework/Versions/A/Frameworks/ImageKit.framework/Versions/A/ImageKit
0x0000000005e7c000 	/System/Library/PrivateFrameworks/Bom.framework/Versions/A/Bom
0x0000000005e7c000 	/System/Library/Frameworks/QuickLook.framework/Versions/A/QuickLook
0x0000000005e7c000 	/System/Library/PrivateFrameworks/AppleSystemInfo.framework/Versions/A/AppleSystemInfo
0x0000000005e7c000 	/System/Library/Frameworks/ImageCaptureCore.framework/Versions/A/ImageCaptureCore
0x0000000005e7c000 	/System/Library/Frameworks/AddressBook.framework/Versions/A/AddressBook
0x0000000005e7c000 	/System/Library/PrivateFrameworks/IntlPreferences.framework/Versions/A/IntlPreferences
0x0000000005e7c000 	/System/Library/PrivateFrameworks/ToneLibrary.framework/Versions/A/ToneLibrary
0x0000000005e7c000 	/System/Library/PrivateFrameworks/ToneKit.framework/Versions/A/ToneKit
0x0000000005e7c000 	/System/Library/PrivateFrameworks/vCard.framework/Versions/A/vCard
0x0000000005e7c000 	/System/Library/PrivateFrameworks/ApplePushService.framework/Versions/A/ApplePushService
0x0000000005e7c000 	/System/Library/PrivateFrameworks/ContactsData.framework/Versions/A/ContactsData
0x0000000005e7c000 	/System/Library/PrivateFrameworks/ContactsFoundation.framework/Versions/A/ContactsFoundation
0x0000000005e7c000 	/System/Library/Frameworks/SecurityInterface.framework/Versions/A/SecurityInterface
0x0000000005e7c000 	/System/Library/PrivateFrameworks/PhoneNumbers.framework/Versions/A/PhoneNumbers
0x0000000005e7c000 	/System/Library/Frameworks/Quartz.framework/Versions/A/Quartz
0x0000000005e7c000 	/System/Library/Frameworks/AVFoundation.framework/Versions/A/AVFoundation
0x0000000005e7c000 	/System/Library/Frameworks/AVFoundation.framework/Versions/A/Resources/libAVFAudio.dylib
0x0000000005e7c000 	/System/Library/Frameworks/CoreMedia.framework/Versions/A/CoreMedia
0x0000000005e7c000 	/System/Library/Frameworks/MediaToolbox.framework/Versions/A/MediaToolbox
0x0000000005e7c000 	/System/Library/Frameworks/VideoToolbox.framework/Versions/A/VideoToolbox
0x0000000005e7c000 	/System/Library/Frameworks/CoreMediaIO.framework/Versions/A/CoreMediaIO
0x0000000005e7c000 	/System/Library/PrivateFrameworks/MediaControlSender.framework/Versions/A/MediaControlSender
0x0000000005e7c000 	/System/Library/PrivateFrameworks/CoreAVCHD.framework/Versions/A/CoreAVCHD
0x0000000005e7c000 	/System/Library/Frameworks/MediaAccessibility.framework/Versions/A/MediaAccessibility
0x0000000005e7c000 	/System/Library/PrivateFrameworks/Mangrove.framework/Versions/A/Mangrove
0x0000000005e7c000 	/System/Library/PrivateFrameworks/CoreAUC.framework/Versions/A/CoreAUC
0x0000000005e7c000 	/System/Library/PrivateFrameworks/NetworkStatistics.framework/Versions/A/NetworkStatistics
0x0000000005e7c000 	/System/Library/PrivateFrameworks/AirPlaySupport.framework/Versions/A/AirPlaySupport
0x0000000005e7c000 	/System/Library/PrivateFrameworks/CoreUtils.framework/Versions/A/CoreUtils
0x0000000005e7c000 	/System/Library/PrivateFrameworks/AppleVA.framework/Versions/A/AppleVA
0x0000000005e7c000 	/System/Library/PrivateFrameworks/XPCService.framework/Versions/A/XPCService
0x0000000005e7c000 	/System/Library/PrivateFrameworks/AppSandbox.framework/Versions/A/AppSandbox
0x0000000005e7c000 	/usr/lib/libsandbox.1.dylib
0x0000000005e7c000 	/usr/lib/libMatch.1.dylib
0x0000000005e7c000 	/System/Library/PrivateFrameworks/SafariServices.framework/Versions/A/SafariServices
0x0000000005e7c000 	/usr/lib/libspindump.dylib
0x0000000005e7c000 	/System/Library/Frameworks/QTKit.framework/Versions/A/QTKit
0x0000000005e7c000 	/System/Library/PrivateFrameworks/CoreMediaAuthoring.framework/Versions/A/CoreMediaAuthoring
0x0000000005e7c000 	/System/Library/Frameworks/Quartz.framework/Versions/A/Frameworks/QuartzComposer.framework/Versions/A/QuartzComposer
0x0000000005e7c000 	/System/Library/Frameworks/Quartz.framework/Versions/A/Frameworks/PDFKit.framework/Versions/A/PDFKit
0x0000000005e7c000 	/System/Library/Frameworks/Quartz.framework/Versions/A/Frameworks/QuartzFilters.framework/Versions/A/QuartzFilters
0x0000000005e7c000 	/System/Library/Frameworks/JavaScriptCore.framework/Versions/A/JavaScriptCore
0x0000000005e7c000 	/System/Library/PrivateFrameworks/CorePDF.framework/Versions/A/CorePDF
0x0000000005e7c000 	/System/Library/PrivateFrameworks/DisplayServices.framework/Versions/A/DisplayServices
0x0000000005e7c000 	/System/Library/PrivateFrameworks/AppleFSCompression.framework/Versions/A/AppleFSCompression
0x000000012c63b000 	/System/Library/PrivateFrameworks/CacheDelete.framework/CacheDelete
0x0000000005e7c000 	/System/Library/PrivateFrameworks/PlugInKit.framework/Versions/A/PlugInKit
0x000000012c660000 	cl_kernels
0x0000000130186000 	/System/Library/Frameworks/OpenCL.framework/Versions/A/Libraries/ImageFormats/unorm8_rgba.dylib
0x000000012c72a000 	cl_kernels
0x00000001306bf000 	cl_kernels
0x00000001306c3000 	cl_kernels
0x0000000133136000 	/System/Library/Frameworks/Security.framework/PlugIns/csparser.bundle/Contents/MacOS/csparser
0x0000000005e7c000 	/System/Library/CoreServices/RawCamera.bundle/Contents/MacOS/RawCamera
0x000000012c74e000 	/System/Library/Frameworks/Quartz.framework/Versions/A/Frameworks/QuickLookUI.framework/Versions/A/PlugIns/Web2.qldisplay/Contents/MacOS/Web2
0x0000000005e7c000 	/System/Library/PrivateFrameworks/WebKit2.framework/Versions/A/WebKit2
0x0000000005e7c000 	/System/Library/Frameworks/WebKit.framework/Versions/A/WebKit
0x0000000005e7c000 	/System/Library/Frameworks/WebKit.framework/Versions/A/Frameworks/WebKitLegacy.framework/Versions/A/WebKitLegacy
0x0000000005e7c000 	/System/Library/Frameworks/WebKit.framework/Versions/A/Frameworks/WebCore.framework/Versions/A/WebCore
0x0000000005e7c000 	/System/Library/PrivateFrameworks/ShareKit.framework/Versions/A/ShareKit
0x0000000005e7c000 	/System/Library/PrivateFrameworks/ViewBridge.framework/Versions/A/ViewBridge
0x0000000005e7c000 	/System/Library/Frameworks/Social.framework/Versions/A/Social
0x0000000005e7c000 	/usr/lib/libScreenReader.dylib
0x0000000005e7c000 	/System/Library/Frameworks/Accounts.framework/Versions/A/Accounts
0x0000000005e7c000 	/System/Library/PrivateFrameworks/AccountsDaemon.framework/Versions/A/AccountsDaemon
0x0000000005e7c000 	/System/Library/PrivateFrameworks/OAuth.framework/Versions/A/OAuth
0x0000000005e7c000 	/System/Library/PrivateFrameworks/XPCObjects.framework/Versions/A/XPCObjects
0x000000012c82d000 	/System/Library/PrivateFrameworks/Lookup.framework/Lookup
0x0000000005e7c000 	/System/Library/PrivateFrameworks/DataDetectors.framework/Versions/A/DataDetectors
0x0000000005e7c000 	/System/Library/PrivateFrameworks/IDS.framework/Versions/A/IDS
0x0000000005e7c000 	/System/Library/PrivateFrameworks/IMFoundation.framework/Versions/A/IMFoundation
0x0000000005e7c000 	/System/Library/PrivateFrameworks/Marco.framework/Versions/A/Marco
0x0000000005e7c000 	/System/Library/PrivateFrameworks/IDSFoundation.framework/Versions/A/IDSFoundation
0x0000000005e7c000 	/System/Library/PrivateFrameworks/FTServices.framework/Versions/A/FTServices
0x0000000005e7c000 	/usr/lib/libtidy.A.dylib
0x0000000005e7c000 	/System/Library/PrivateFrameworks/CommonUtilities.framework/Versions/A/CommonUtilities
0x0000000005e7c000 	/System/Library/PrivateFrameworks/DiagnosticLogCollection.framework/Versions/A/DiagnosticLogCollection
0x000000012c7fa000 	/System/Library/Frameworks/Quartz.framework/Versions/A/Frameworks/QuickLookUI.framework/Versions/A/PlugIns/Generic.qldisplay/Contents/MacOS/Generic
0x0000000005e7c000 	/System/Library/PrivateFrameworks/Shortcut.framework/Versions/A/Shortcut
0x0000000005e7c000 	/System/Library/PrivateFrameworks/HelpData.framework/Versions/A/HelpData
0x0000000005e7c000 	/System/Library/Frameworks/Accelerate.framework/Versions/A/Frameworks/vImage.framework/Versions/A/Libraries/libCGInterfaces.dylib
0x00000001255b4000 	/Library/Java/JavaVirtualMachines/jdk1.8.0_05.jdk/Contents/Home/jre/lib/libdcpr.dylib

VM Arguments:
jvm_args: -Dfile.encoding=x-MacRoman -ea 
java_command: edu.oregonstate.cartography.flox.model.Flox
java_class_path (initial): /Users/jennyb/Documents/Java/Flox/lib/acme.jar:/Users/jennyb/Documents/Java/Flox/lib/jdom.jar:/Users/jennyb/Documents/Java/Flox/lib/jts-1.13.jar:/Users/jennyb/Documents/Java/Flox/lib/jtsio-1.13.jar:/Users/jennyb/Documents/Java/Flox/lib/xerces.jar:/Users/jennyb/Documents/Java/Flox/lib/jgrapht-0.9.1/lib/jgrapht-core-0.9.1.jar:/Users/jennyb/Documents/Java/Flox/lib/jaxb-core.jar:/Users/jennyb/Documents/Java/Flox/build/classes
Launcher Type: SUN_STANDARD

Environment Variables:
PATH=/usr/bin:/bin:/usr/sbin:/sbin
LD_LIBRARY_PATH=/Library/Java/JavaVirtualMachines/jdk1.8.0_05.jdk/Contents/Home/jre/lib/amd64:/Library/Java/JavaVirtualMachines/jdk1.8.0_05.jdk/Contents/Home/jre/lib/i386:
SHELL=/bin/bash
DISPLAY=/private/tmp/com.apple.launchd.ZOvEJcSkms/org.macosforge.xquartz:0
DYLD_LIBRARY_PATH=/Applications/NetBeans/NetBeans 8.0.app/Contents/Resources/NetBeans/webcommon/bin:

Signal Handlers:
SIGSEGV: [libjvm.dylib+0x55f7df], sa_mask[0]=0xfffefeff, sa_flags=0x00000043
SIGBUS: [libjvm.dylib+0x55f7df], sa_mask[0]=0xfffefeff, sa_flags=0x00000042
SIGFPE: [libjvm.dylib+0x442cfa], sa_mask[0]=0xfffefeff, sa_flags=0x00000042
SIGPIPE: [libjvm.dylib+0x442cfa], sa_mask[0]=0xfffefeff, sa_flags=0x00000042
SIGXFSZ: [libjvm.dylib+0x442cfa], sa_mask[0]=0xfffefeff, sa_flags=0x00000042
SIGILL: [libjvm.dylib+0x442cfa], sa_mask[0]=0xfffefeff, sa_flags=0x00000042
SIGUSR1: SIG_DFL, sa_mask[0]=0x00000000, sa_flags=0x00000000
SIGUSR2: [libjvm.dylib+0x442818], sa_mask[0]=0x00000004, sa_flags=0x00000042
SIGHUP: [libjvm.dylib+0x440ba5], sa_mask[0]=0xfffefeff, sa_flags=0x00000042
SIGINT: SIG_IGN, sa_mask[0]=0x00000000, sa_flags=0x00000000
SIGTERM: [libjvm.dylib+0x440ba5], sa_mask[0]=0xfffefeff, sa_flags=0x00000042
SIGQUIT: [libjvm.dylib+0x440ba5], sa_mask[0]=0xfffefeff, sa_flags=0x00000042


---------------  S Y S T E M  ---------------

OS:Bsduname:Darwin 14.3.0 Darwin Kernel Version 14.3.0: Mon Mar 23 11:59:05 PDT 2015; root:xnu-2782.20.48~5/RELEASE_X86_64 x86_64
rlimit: STACK 8192k, CORE 0k, NPROC 709, NOFILE 10240, AS infinity
load average:2.04 1.84 1.57

CPU:total 8 (4 cores per cpu, 2 threads per core) family 6 model 58 stepping 9, cmov, cx8, fxsr, mmx, sse, sse2, sse3, ssse3, sse4.1, sse4.2, popcnt, avx, aes, clmul, erms, ht, tsc, tscinvbit

Memory: 4k page, physical 16777216k(594896k free)

/proc/meminfo:


vm_info: Java HotSpot(TM) 64-Bit Server VM (25.5-b02) for bsd-amd64 JRE (1.8.0_05-b13), built on Mar 18 2014 00:36:13 by "java_re" with gcc 4.2.1 (Based on Apple Inc. build 5658) (LLVM build 2336.11.00)

time: Mon Jun 29 20:03:01 2015
elapsed time: 56 seconds

